<?xml version="1.0" encoding="UTF-8"?>
<!-- Generated by org.testng.reporters.JUnitXMLReporter -->
<testsuite hostname="DESKTOP-9U4MSC7" ignored="0" name="Default test" tests="2" failures="0" timestamp="23 May 2021 04:07:02 GMT" time="13.249" errors="0">
  <testcase name="tc_validate_login_functional" time="0.355" classname="com.fpt.testcases.TC_ValidateLoginFunctional"/>
  <testcase name="tc_validate_login_functional" time="0.336" classname="com.fpt.testcases.TC_ValidateLoginFunctional"/>
</testsuite> <!-- Default test -->
